-------------------------------------------------------------------------------
Test set: no.uib.marcus.search.MarcusSearchServiceIT
-------------------------------------------------------------------------------
Tests run: 2, Failures: 0, Errors: 2, Skipped: 0, Time elapsed: 0.544 sec <<< FAILURE!
testGetAllDocuments(no.uib.marcus.search.MarcusSearchServiceIT)  Time elapsed: 0.04 sec  <<< ERROR!
java.lang.NoSuchMethodError: com.carrotsearch.randomizedtesting.RandomizedContext.runWithPrivateRandomness(Lcom/carrotsearch/randomizedtesting/Randomness;Ljava/util/concurrent/Callable;)Ljava/lang/Object;
	at org.elasticsearch.test.ElasticsearchIntegrationTest.buildWithPrivateContext(ElasticsearchIntegrationTest.java:583)
	at org.elasticsearch.test.ElasticsearchIntegrationTest.buildAndPutCluster(ElasticsearchIntegrationTest.java:598)
	at org.elasticsearch.test.ElasticsearchIntegrationTest.beforeInternal(ElasticsearchIntegrationTest.java:283)
	at org.elasticsearch.test.ElasticsearchIntegrationTest.before(ElasticsearchIntegrationTest.java:1946)
	at sun.reflect.NativeMethodAccessorImpl.invoke0(Native Method)
	at sun.reflect.NativeMethodAccessorImpl.invoke(NativeMethodAccessorImpl.java:62)
	at sun.reflect.DelegatingMethodAccessorImpl.invoke(DelegatingMethodAccessorImpl.java:43)
	at java.lang.reflect.Method.invoke(Method.java:483)
	at com.carrotsearch.randomizedtesting.RandomizedRunner.invoke(RandomizedRunner.java:1618)
	at com.carrotsearch.randomizedtesting.RandomizedRunner$7.evaluate(RandomizedRunner.java:861)
	at com.carrotsearch.randomizedtesting.RandomizedRunner$8.evaluate(RandomizedRunner.java:877)
	at org.junit.rules.TestWatcher$1.evaluate(TestWatcher.java:47)
	at org.apache.lucene.util.TestRuleSetupTeardownChained$1.evaluate(TestRuleSetupTeardownChained.java:50)
	at org.apache.lucene.util.TestRuleFieldCacheSanity$1.evaluate(TestRuleFieldCacheSanity.java:51)
	at org.apache.lucene.util.AbstractBeforeAfterRule$1.evaluate(AbstractBeforeAfterRule.java:46)
	at com.carrotsearch.randomizedtesting.rules.SystemPropertiesInvariantRule$1.evaluate(SystemPropertiesInvariantRule.java:55)
	at org.apache.lucene.util.TestRuleThreadAndTestName$1.evaluate(TestRuleThreadAndTestName.java:49)
	at org.apache.lucene.util.TestRuleIgnoreAfterMaxFailures$1.evaluate(TestRuleIgnoreAfterMaxFailures.java:65)
	at org.apache.lucene.util.TestRuleMarkFailure$1.evaluate(TestRuleMarkFailure.java:48)
	at com.carrotsearch.randomizedtesting.rules.StatementAdapter.evaluate(StatementAdapter.java:36)
	at com.carrotsearch.randomizedtesting.ThreadLeakControl$StatementRunner.run(ThreadLeakControl.java:365)
	at com.carrotsearch.randomizedtesting.ThreadLeakControl.forkTimeoutingTask(ThreadLeakControl.java:798)
	at com.carrotsearch.randomizedtesting.ThreadLeakControl$3.evaluate(ThreadLeakControl.java:458)
	at com.carrotsearch.randomizedtesting.RandomizedRunner.runSingleTest(RandomizedRunner.java:836)
	at com.carrotsearch.randomizedtesting.RandomizedRunner$3.evaluate(RandomizedRunner.java:738)
	at com.carrotsearch.randomizedtesting.RandomizedRunner$4.evaluate(RandomizedRunner.java:772)
	at com.carrotsearch.randomizedtesting.RandomizedRunner$5.evaluate(RandomizedRunner.java:783)
	at org.apache.lucene.util.AbstractBeforeAfterRule$1.evaluate(AbstractBeforeAfterRule.java:46)
	at org.apache.lucene.util.TestRuleStoreClassName$1.evaluate(TestRuleStoreClassName.java:42)
	at com.carrotsearch.randomizedtesting.rules.SystemPropertiesInvariantRule$1.evaluate(SystemPropertiesInvariantRule.java:55)
	at com.carrotsearch.randomizedtesting.rules.NoShadowingOrOverridesOnMethodsRule$1.evaluate(NoShadowingOrOverridesOnMethodsRule.java:39)
	at com.carrotsearch.randomizedtesting.rules.NoShadowingOrOverridesOnMethodsRule$1.evaluate(NoShadowingOrOverridesOnMethodsRule.java:39)
	at com.carrotsearch.randomizedtesting.rules.StatementAdapter.evaluate(StatementAdapter.java:36)
	at org.apache.lucene.util.TestRuleAssertionsRequired$1.evaluate(TestRuleAssertionsRequired.java:43)
	at org.apache.lucene.util.TestRuleMarkFailure$1.evaluate(TestRuleMarkFailure.java:48)
	at org.apache.lucene.util.TestRuleIgnoreAfterMaxFailures$1.evaluate(TestRuleIgnoreAfterMaxFailures.java:65)
	at org.apache.lucene.util.TestRuleIgnoreTestSuites$1.evaluate(TestRuleIgnoreTestSuites.java:55)
	at com.carrotsearch.randomizedtesting.rules.StatementAdapter.evaluate(StatementAdapter.java:36)
	at com.carrotsearch.randomizedtesting.ThreadLeakControl$StatementRunner.run(ThreadLeakControl.java:365)
	at java.lang.Thread.run(Thread.java:745)
testGetAllDocuments(no.uib.marcus.search.MarcusSearchServiceIT)  Time elapsed: 0.05 sec  <<< ERROR!
java.lang.NullPointerException
	at org.elasticsearch.test.ElasticsearchIntegrationTest.client(ElasticsearchIntegrationTest.java:730)
	at org.elasticsearch.test.ElasticsearchIntegrationTest.client(ElasticsearchIntegrationTest.java:723)
	at no.uib.marcus.search.MarcusSearchServiceIT.tearDown(MarcusSearchServiceIT.java:49)
	at sun.reflect.NativeMethodAccessorImpl.invoke0(Native Method)
	at sun.reflect.NativeMethodAccessorImpl.invoke(NativeMethodAccessorImpl.java:62)
	at sun.reflect.DelegatingMethodAccessorImpl.invoke(DelegatingMethodAccessorImpl.java:43)
	at java.lang.reflect.Method.invoke(Method.java:483)
	at com.carrotsearch.randomizedtesting.RandomizedRunner.invoke(RandomizedRunner.java:1618)
	at com.carrotsearch.randomizedtesting.RandomizedRunner$8.evaluate(RandomizedRunner.java:885)
	at org.junit.rules.TestWatcher$1.evaluate(TestWatcher.java:47)
	at org.apache.lucene.util.TestRuleSetupTeardownChained$1.evaluate(TestRuleSetupTeardownChained.java:50)
	at org.apache.lucene.util.TestRuleFieldCacheSanity$1.evaluate(TestRuleFieldCacheSanity.java:51)
	at org.apache.lucene.util.AbstractBeforeAfterRule$1.evaluate(AbstractBeforeAfterRule.java:46)
	at com.carrotsearch.randomizedtesting.rules.SystemPropertiesInvariantRule$1.evaluate(SystemPropertiesInvariantRule.java:55)
	at org.apache.lucene.util.TestRuleThreadAndTestName$1.evaluate(TestRuleThreadAndTestName.java:49)
	at org.apache.lucene.util.TestRuleIgnoreAfterMaxFailures$1.evaluate(TestRuleIgnoreAfterMaxFailures.java:65)
	at org.apache.lucene.util.TestRuleMarkFailure$1.evaluate(TestRuleMarkFailure.java:48)
	at com.carrotsearch.randomizedtesting.rules.StatementAdapter.evaluate(StatementAdapter.java:36)
	at com.carrotsearch.randomizedtesting.ThreadLeakControl$StatementRunner.run(ThreadLeakControl.java:365)
	at com.carrotsearch.randomizedtesting.ThreadLeakControl.forkTimeoutingTask(ThreadLeakControl.java:798)
	at com.carrotsearch.randomizedtesting.ThreadLeakControl$3.evaluate(ThreadLeakControl.java:458)
	at com.carrotsearch.randomizedtesting.RandomizedRunner.runSingleTest(RandomizedRunner.java:836)
	at com.carrotsearch.randomizedtesting.RandomizedRunner$3.evaluate(RandomizedRunner.java:738)
	at com.carrotsearch.randomizedtesting.RandomizedRunner$4.evaluate(RandomizedRunner.java:772)
	at com.carrotsearch.randomizedtesting.RandomizedRunner$5.evaluate(RandomizedRunner.java:783)
	at org.apache.lucene.util.AbstractBeforeAfterRule$1.evaluate(AbstractBeforeAfterRule.java:46)
	at org.apache.lucene.util.TestRuleStoreClassName$1.evaluate(TestRuleStoreClassName.java:42)
	at com.carrotsearch.randomizedtesting.rules.SystemPropertiesInvariantRule$1.evaluate(SystemPropertiesInvariantRule.java:55)
	at com.carrotsearch.randomizedtesting.rules.NoShadowingOrOverridesOnMethodsRule$1.evaluate(NoShadowingOrOverridesOnMethodsRule.java:39)
	at com.carrotsearch.randomizedtesting.rules.NoShadowingOrOverridesOnMethodsRule$1.evaluate(NoShadowingOrOverridesOnMethodsRule.java:39)
	at com.carrotsearch.randomizedtesting.rules.StatementAdapter.evaluate(StatementAdapter.java:36)
	at org.apache.lucene.util.TestRuleAssertionsRequired$1.evaluate(TestRuleAssertionsRequired.java:43)
	at org.apache.lucene.util.TestRuleMarkFailure$1.evaluate(TestRuleMarkFailure.java:48)
	at org.apache.lucene.util.TestRuleIgnoreAfterMaxFailures$1.evaluate(TestRuleIgnoreAfterMaxFailures.java:65)
	at org.apache.lucene.util.TestRuleIgnoreTestSuites$1.evaluate(TestRuleIgnoreTestSuites.java:55)
	at com.carrotsearch.randomizedtesting.rules.StatementAdapter.evaluate(StatementAdapter.java:36)
	at com.carrotsearch.randomizedtesting.ThreadLeakControl$StatementRunner.run(ThreadLeakControl.java:365)
	at java.lang.Thread.run(Thread.java:745)
