<?xml version="1.0" encoding="UTF-8" ?>
<testsuite tests="25" failures="0" name="no.uib.marcus.common.AggregationUtilsTest" time="0.201" errors="0" skipped="0">
  <properties>
[...]
</properties>
  <testcase classname="no.uib.marcus.common.AggregationUtilsTest" name="testContains02 {#0 seed=[23A492BAFB725B2F:A726D5F5994FC0DD]}" time="0.066"/>
  <testcase classname="no.uib.marcus.common.AggregationUtilsTest" name="testContains02 {#1 seed=[23A492BAFB725B2F:13706909AD8D0BF1]}" time="0"/>
  <testcase classname="no.uib.marcus.common.AggregationUtilsTest" name="testContains02 {#2 seed=[23A492BAFB725B2F:9D99FFD5FC49433A]}" time="0.001"/>
  <testcase classname="no.uib.marcus.common.AggregationUtilsTest" name="testContains02 {#3 seed=[23A492BAFB725B2F:AC77543090B71813]}" time="0.002"/>
  <testcase classname="no.uib.marcus.common.AggregationUtilsTest" name="testContains02 {#4 seed=[23A492BAFB725B2F:E0B6D19D31BFD8A8]}" time="0.001"/>
  <testcase classname="no.uib.marcus.common.AggregationUtilsTest" name="testContains02 {#5 seed=[23A492BAFB725B2F:714C02C24C0395A8]}" time="0.001"/>
  <testcase classname="no.uib.marcus.common.AggregationUtilsTest" name="testContains02 {#6 seed=[23A492BAFB725B2F:4F9266445E3385AE]}" time="0.002"/>
  <testcase classname="no.uib.marcus.common.AggregationUtilsTest" name="testContains02 {#7 seed=[23A492BAFB725B2F:D321FC3E7D271100]}" time="0.001"/>
  <testcase classname="no.uib.marcus.common.AggregationUtilsTest" name="testContains02 {#8 seed=[23A492BAFB725B2F:E18D19500AEC065A]}" time="0.001"/>
  <testcase classname="no.uib.marcus.common.AggregationUtilsTest" name="testContains02 {#9 seed=[23A492BAFB725B2F:36064FEA6EBB3108]}" time="0.002"/>
  <testcase classname="no.uib.marcus.common.AggregationUtilsTest" name="testGetFilterMap02" time="0.001"/>
  <testcase classname="no.uib.marcus.common.AggregationUtilsTest" name="testGetFilterMap03" time="0.002"/>
  <testcase classname="no.uib.marcus.common.AggregationUtilsTest" name="testContains03 {#0 seed=[23A492BAFB725B2F:79A48AE18A1844A8]}" time="0.001"/>
  <testcase classname="no.uib.marcus.common.AggregationUtilsTest" name="testContains03 {#1 seed=[23A492BAFB725B2F:79A48AE18A1844A8]}" time="0.001"/>
  <testcase classname="no.uib.marcus.common.AggregationUtilsTest" name="testContains03 {#2 seed=[23A492BAFB725B2F:79A48AE18A1844A8]}" time="0.004"/>
  <testcase classname="no.uib.marcus.common.AggregationUtilsTest" name="testContains03 {#3 seed=[23A492BAFB725B2F:79A48AE18A1844A8]}" time="0.007"/>
  <testcase classname="no.uib.marcus.common.AggregationUtilsTest" name="testContains03 {#4 seed=[23A492BAFB725B2F:79A48AE18A1844A8]}" time="0"/>
  <testcase classname="no.uib.marcus.common.AggregationUtilsTest" name="testContains03 {#5 seed=[23A492BAFB725B2F:79A48AE18A1844A8]}" time="0"/>
  <testcase classname="no.uib.marcus.common.AggregationUtilsTest" name="testContains03 {#6 seed=[23A492BAFB725B2F:79A48AE18A1844A8]}" time="0.001"/>
  <testcase classname="no.uib.marcus.common.AggregationUtilsTest" name="testContains03 {#7 seed=[23A492BAFB725B2F:79A48AE18A1844A8]}" time="0.004"/>
  <testcase classname="no.uib.marcus.common.AggregationUtilsTest" name="testContains03 {#8 seed=[23A492BAFB725B2F:79A48AE18A1844A8]}" time="0.004"/>
  <testcase classname="no.uib.marcus.common.AggregationUtilsTest" name="testContains03 {#9 seed=[23A492BAFB725B2F:79A48AE18A1844A8]}" time="0.002"/>
  <testcase classname="no.uib.marcus.common.AggregationUtilsTest" name="testContains01" time="0.007"/>
  <testcase classname="no.uib.marcus.common.AggregationUtilsTest" name="testGetFilterMap05" time="0"/>
  <testcase classname="no.uib.marcus.common.AggregationUtilsTest" name="testGetFilterMap01" time="0"/>
</testsuite>