<?xml version="1.0" encoding="UTF-8" ?>
<testsuite tests="2" failures="1" name="no.uib.marcus.search.MarcusSearchServiceIT" time="8.591" errors="0" skipped="0">
  <properties>
[...]
</properties>
  <testcase classname="no.uib.marcus.search.MarcusSearchServiceIT" name="testGetDocumentsIsNull" time="4.18"/>
  <testcase classname="no.uib.marcus.search.MarcusSearchServiceIT" name="testGetDocumentsBoolFilter" time="4.313">
    <failure type="junit.framework.AssertionFailedError">junit.framework.AssertionFailedError
	at junit.framework.Assert.fail(Assert.java:48)
	at junit.framework.Assert.assertTrue(Assert.java:20)
	at junit.framework.Assert.assertTrue(Assert.java:27)
	at no.uib.marcus.search.MarcusSearchServiceIT.testGetDocumentsBoolFilter(MarcusSearchServiceIT.java:160)
	at sun.reflect.NativeMethodAccessorImpl.invoke0(Native Method)
	at sun.reflect.NativeMethodAccessorImpl.invoke(NativeMethodAccessorImpl.java:62)
	at sun.reflect.DelegatingMethodAccessorImpl.invoke(DelegatingMethodAccessorImpl.java:43)
	at java.lang.reflect.Method.invoke(Method.java:483)
	at junit.framework.TestCase.runTest(TestCase.java:168)
	at junit.framework.TestCase.runBare(TestCase.java:134)
	at junit.framework.TestResult$1.protect(TestResult.java:110)
	at junit.framework.TestResult.runProtected(TestResult.java:128)
	at junit.framework.TestResult.run(TestResult.java:113)
	at junit.framework.TestCase.run(TestCase.java:124)
	at junit.framework.TestSuite.runTest(TestSuite.java:243)
	at junit.framework.TestSuite.run(TestSuite.java:238)
	at org.junit.internal.runners.JUnit38ClassRunner.run(JUnit38ClassRunner.java:83)
	at org.apache.maven.surefire.junit4.JUnit4TestSet.execute(JUnit4TestSet.java:53)
	at org.apache.maven.surefire.junit4.JUnit4Provider.executeTestSet(JUnit4Provider.java:123)
	at org.apache.maven.surefire.junit4.JUnit4Provider.invoke(JUnit4Provider.java:104)
	at sun.reflect.NativeMethodAccessorImpl.invoke0(Native Method)
	at sun.reflect.NativeMethodAccessorImpl.invoke(NativeMethodAccessorImpl.java:62)
	at sun.reflect.DelegatingMethodAccessorImpl.invoke(DelegatingMethodAccessorImpl.java:43)
	at java.lang.reflect.Method.invoke(Method.java:483)
	at org.apache.maven.surefire.util.ReflectionUtils.invokeMethodWithArray(ReflectionUtils.java:164)
	at org.apache.maven.surefire.booter.ProviderFactory$ProviderProxy.invoke(ProviderFactory.java:110)
	at org.apache.maven.surefire.booter.SurefireStarter.invokeProvider(SurefireStarter.java:175)
	at org.apache.maven.surefire.booter.SurefireStarter.runSuitesInProcessWhenForked(SurefireStarter.java:107)
	at org.apache.maven.surefire.booter.ForkedBooter.main(ForkedBooter.java:68)
</failure>
    <system-out>[2016-02-11 17:22:08][INFO ][no.uib.marcus.search.MarcusSearchServiceIT] No index to delete, aborting ...
[2016-02-11 17:22:08][INFO ][no.uib.marcus.search.MarcusSearchServiceIT] =====&gt;Creating index of name: test
[2016-02-11 17:22:08][INFO ][no.uib.marcus.search.MarcusSearchServiceIT] ************Testing getDocuments(String queryString, FilterBuilder builder)*****************
[2016-02-11 17:22:08][INFO ][no.uib.marcus.search.MarcusSearchServiceIT] Indexing documents to index: test
[2016-02-11 17:22:08][INFO ][no.uib.marcus.search.MarcusSearchService] {
  &quot;query&quot; : {
    &quot;filtered&quot; : {
      &quot;query&quot; : {
        &quot;query_string&quot; : {
          &quot;query&quot; : &quot;ballab&quot;
        }
      },
      &quot;filter&quot; : {
        &quot;match_all&quot; : { }
      }
    }
  }
}
[2016-02-11 17:22:08][INFO ][no.uib.marcus.search.MarcusSearchServiceIT] Total documents found: 0
[2016-02-11 17:22:08][INFO ][no.uib.marcus.search.MarcusSearchService] {
  &quot;query&quot; : {
    &quot;filtered&quot; : {
      &quot;query&quot; : {
        &quot;query_string&quot; : {
          &quot;query&quot; : &quot;ballab&quot;
        }
      },
      &quot;filter&quot; : {
        &quot;match_all&quot; : { }
      }
    }
  }
}
[2016-02-11 17:22:08][INFO ][no.uib.marcus.search.MarcusSearchServiceIT] Total documents found: 0
[2016-02-11 17:22:08][INFO ][no.uib.marcus.search.MarcusSearchService] {
  &quot;query&quot; : {
    &quot;filtered&quot; : {
      &quot;query&quot; : {
        &quot;query_string&quot; : {
          &quot;query&quot; : &quot;ballab&quot;
        }
      },
      &quot;filter&quot; : {
        &quot;match_all&quot; : { }
      }
    }
  }
}
[2016-02-11 17:22:08][INFO ][no.uib.marcus.search.MarcusSearchServiceIT] Total documents found: 0
[2016-02-11 17:22:08][INFO ][no.uib.marcus.search.MarcusSearchService] {
  &quot;query&quot; : {
    &quot;filtered&quot; : {
      &quot;query&quot; : {
        &quot;query_string&quot; : {
          &quot;query&quot; : &quot;ballab&quot;
        }
      },
      &quot;filter&quot; : {
        &quot;match_all&quot; : { }
      }
    }
  }
}
[2016-02-11 17:22:08][INFO ][no.uib.marcus.search.MarcusSearchServiceIT] Total documents found: 0
[2016-02-11 17:22:08][INFO ][no.uib.marcus.search.MarcusSearchService] {
  &quot;query&quot; : {
    &quot;filtered&quot; : {
      &quot;query&quot; : {
        &quot;query_string&quot; : {
          &quot;query&quot; : &quot;ballab&quot;
        }
      },
      &quot;filter&quot; : {
        &quot;match_all&quot; : { }
      }
    }
  }
}
[2016-02-11 17:22:08][INFO ][no.uib.marcus.search.MarcusSearchServiceIT] Total documents found: 0
[2016-02-11 17:22:08][INFO ][no.uib.marcus.search.MarcusSearchService] {
  &quot;query&quot; : {
    &quot;filtered&quot; : {
      &quot;query&quot; : {
        &quot;query_string&quot; : {
          &quot;query&quot; : &quot;ballab&quot;
        }
      },
      &quot;filter&quot; : {
        &quot;match_all&quot; : { }
      }
    }
  }
}
[2016-02-11 17:22:08][INFO ][no.uib.marcus.search.MarcusSearchServiceIT] Total documents found: 0
[2016-02-11 17:22:08][INFO ][no.uib.marcus.search.MarcusSearchService] {
  &quot;query&quot; : {
    &quot;filtered&quot; : {
      &quot;query&quot; : {
        &quot;query_string&quot; : {
          &quot;query&quot; : &quot;ballab&quot;
        }
      },
      &quot;filter&quot; : {
        &quot;match_all&quot; : { }
      }
    }
  }
}
[2016-02-11 17:22:08][INFO ][no.uib.marcus.search.MarcusSearchServiceIT] Total documents found: 0
[2016-02-11 17:22:08][INFO ][no.uib.marcus.search.MarcusSearchService] {
  &quot;query&quot; : {
    &quot;filtered&quot; : {
      &quot;query&quot; : {
        &quot;query_string&quot; : {
          &quot;query&quot; : &quot;ballab&quot;
        }
      },
      &quot;filter&quot; : {
        &quot;match_all&quot; : { }
      }
    }
  }
}
[2016-02-11 17:22:08][INFO ][no.uib.marcus.search.MarcusSearchServiceIT] Total documents found: 0
[2016-02-11 17:22:09][INFO ][no.uib.marcus.search.MarcusSearchService] {
  &quot;query&quot; : {
    &quot;filtered&quot; : {
      &quot;query&quot; : {
        &quot;query_string&quot; : {
          &quot;query&quot; : &quot;ballab&quot;
        }
      },
      &quot;filter&quot; : {
        &quot;match_all&quot; : { }
      }
    }
  }
}
[2016-02-11 17:22:09][INFO ][no.uib.marcus.search.MarcusSearchServiceIT] Total documents found: 0
[2016-02-11 17:22:09][INFO ][no.uib.marcus.search.MarcusSearchService] {
  &quot;query&quot; : {
    &quot;filtered&quot; : {
      &quot;query&quot; : {
        &quot;query_string&quot; : {
          &quot;query&quot; : &quot;ballab&quot;
        }
      },
      &quot;filter&quot; : {
        &quot;match_all&quot; : { }
      }
    }
  }
}
[2016-02-11 17:22:09][INFO ][no.uib.marcus.search.MarcusSearchServiceIT] Total documents found: 0
[2016-02-11 17:22:09][INFO ][no.uib.marcus.search.MarcusSearchService] {
  &quot;query&quot; : {
    &quot;filtered&quot; : {
      &quot;query&quot; : {
        &quot;query_string&quot; : {
          &quot;query&quot; : &quot;ballab&quot;
        }
      },
      &quot;filter&quot; : {
        &quot;match_all&quot; : { }
      }
    }
  }
}
[2016-02-11 17:22:09][INFO ][no.uib.marcus.search.MarcusSearchServiceIT] Total documents found: 0
[2016-02-11 17:22:10][INFO ][no.uib.marcus.search.MarcusSearchService] {
  &quot;query&quot; : {
    &quot;filtered&quot; : {
      &quot;query&quot; : {
        &quot;query_string&quot; : {
          &quot;query&quot; : &quot;ballab&quot;
        }
      },
      &quot;filter&quot; : {
        &quot;match_all&quot; : { }
      }
    }
  }
}
[2016-02-11 17:22:10][INFO ][no.uib.marcus.search.MarcusSearchServiceIT] Total documents found: 0
[2016-02-11 17:22:12][INFO ][no.uib.marcus.search.MarcusSearchServiceIT] Deleted index: test
</system-out>
  </testcase>
</testsuite>