<?xml version="1.0" encoding="UTF-8" ?>
<testsuite tests="24" failures="2" name="no.uib.marcus.common.AggregationUtilsTest" time="0.217" errors="0" skipped="0">
  <properties>
[...]
</properties>
  <testcase classname="no.uib.marcus.common.AggregationUtilsTest" name="testGetFilterMap03" time="0.051">
    <failure message="expected same:&lt;{status=[sent, draft, makame, bee]}&gt; was not:&lt;{status=[sent, draft, makame, bee]}&gt;" type="java.lang.AssertionError">java.lang.AssertionError: expected same:&lt;{status=[sent, draft, makame, bee]}&gt; was not:&lt;{status=[sent, draft, makame, bee]}&gt;
	at __randomizedtesting.SeedInfo.seed([64727F0359A17B8E:A21FC399FA3330FF]:0)
	at org.junit.Assert.fail(Assert.java:93)
	at org.junit.Assert.failNotSame(Assert.java:641)
	at org.junit.Assert.assertSame(Assert.java:580)
	at org.junit.Assert.assertSame(Assert.java:593)
	at no.uib.marcus.common.AggregationUtilsTest.testGetFilterMap03(AggregationUtilsTest.java:91)
	at sun.reflect.NativeMethodAccessorImpl.invoke0(Native Method)
	at sun.reflect.NativeMethodAccessorImpl.invoke(NativeMethodAccessorImpl.java:62)
	at sun.reflect.DelegatingMethodAccessorImpl.invoke(DelegatingMethodAccessorImpl.java:43)
	at java.lang.reflect.Method.invoke(Method.java:483)
	at com.carrotsearch.randomizedtesting.RandomizedRunner.invoke(RandomizedRunner.java:1618)
	at com.carrotsearch.randomizedtesting.RandomizedRunner$6.evaluate(RandomizedRunner.java:827)
	at com.carrotsearch.randomizedtesting.rules.StatementAdapter.evaluate(StatementAdapter.java:36)
	at com.carrotsearch.randomizedtesting.ThreadLeakControl$StatementRunner.run(ThreadLeakControl.java:365)
	at com.carrotsearch.randomizedtesting.ThreadLeakControl.forkTimeoutingTask(ThreadLeakControl.java:798)
	at com.carrotsearch.randomizedtesting.ThreadLeakControl$3.evaluate(ThreadLeakControl.java:458)
	at com.carrotsearch.randomizedtesting.RandomizedRunner.runSingleTest(RandomizedRunner.java:836)
	at com.carrotsearch.randomizedtesting.RandomizedRunner$3.evaluate(RandomizedRunner.java:738)
	at com.carrotsearch.randomizedtesting.RandomizedRunner$4.evaluate(RandomizedRunner.java:772)
	at com.carrotsearch.randomizedtesting.RandomizedRunner$5.evaluate(RandomizedRunner.java:783)
	at com.carrotsearch.randomizedtesting.rules.StatementAdapter.evaluate(StatementAdapter.java:36)
	at com.carrotsearch.randomizedtesting.ThreadLeakControl$StatementRunner.run(ThreadLeakControl.java:365)
	at com.carrotsearch.randomizedtesting.ThreadLeakControl.forkTimeoutingTask(ThreadLeakControl.java:798)
	at com.carrotsearch.randomizedtesting.ThreadLeakControl$2.evaluate(ThreadLeakControl.java:401)
	at com.carrotsearch.randomizedtesting.RandomizedRunner.runSuite(RandomizedRunner.java:642)
	at com.carrotsearch.randomizedtesting.RandomizedRunner.access$200(RandomizedRunner.java:129)
	at com.carrotsearch.randomizedtesting.RandomizedRunner$1.run(RandomizedRunner.java:559)
</failure>
  </testcase>
  <testcase classname="no.uib.marcus.common.AggregationUtilsTest" name="testGetFilterMap02" time="0"/>
  <testcase classname="no.uib.marcus.common.AggregationUtilsTest" name="testContains03 {#0 seed=[64727F0359A17B8E:79A48AE18A1844A8]}" time="0.025"/>
  <testcase classname="no.uib.marcus.common.AggregationUtilsTest" name="testContains03 {#1 seed=[64727F0359A17B8E:79A48AE18A1844A8]}" time="0.001"/>
  <testcase classname="no.uib.marcus.common.AggregationUtilsTest" name="testContains03 {#2 seed=[64727F0359A17B8E:79A48AE18A1844A8]}" time="0.001"/>
  <testcase classname="no.uib.marcus.common.AggregationUtilsTest" name="testContains03 {#3 seed=[64727F0359A17B8E:79A48AE18A1844A8]}" time="0.002"/>
  <testcase classname="no.uib.marcus.common.AggregationUtilsTest" name="testContains03 {#4 seed=[64727F0359A17B8E:79A48AE18A1844A8]}" time="0.002"/>
  <testcase classname="no.uib.marcus.common.AggregationUtilsTest" name="testContains03 {#5 seed=[64727F0359A17B8E:79A48AE18A1844A8]}" time="0.001"/>
  <testcase classname="no.uib.marcus.common.AggregationUtilsTest" name="testContains03 {#6 seed=[64727F0359A17B8E:79A48AE18A1844A8]}" time="0.001"/>
  <testcase classname="no.uib.marcus.common.AggregationUtilsTest" name="testContains03 {#7 seed=[64727F0359A17B8E:79A48AE18A1844A8]}" time="0.001"/>
  <testcase classname="no.uib.marcus.common.AggregationUtilsTest" name="testContains03 {#8 seed=[64727F0359A17B8E:79A48AE18A1844A8]}" time="0.001"/>
  <testcase classname="no.uib.marcus.common.AggregationUtilsTest" name="testContains03 {#9 seed=[64727F0359A17B8E:79A48AE18A1844A8]}" time="0.001"/>
  <testcase classname="no.uib.marcus.common.AggregationUtilsTest" name="testContains01" time="0.003"/>
  <testcase classname="no.uib.marcus.common.AggregationUtilsTest" name="testGetFilterMap01" time="0.001">
    <failure message="expected same:&lt;{hemed=[ali], status=[sent, draft]}&gt; was not:&lt;{hemed=[ali], status=[sent, draft]}&gt;" type="java.lang.AssertionError">java.lang.AssertionError: expected same:&lt;{hemed=[ali], status=[sent, draft]}&gt; was not:&lt;{hemed=[ali], status=[sent, draft]}&gt;
	at __randomizedtesting.SeedInfo.seed([64727F0359A17B8E:E4FD254CAE61FD8B]:0)
	at org.junit.Assert.fail(Assert.java:93)
	at org.junit.Assert.failNotSame(Assert.java:641)
	at org.junit.Assert.assertSame(Assert.java:580)
	at org.junit.Assert.assertSame(Assert.java:593)
	at no.uib.marcus.common.AggregationUtilsTest.testGetFilterMap01(AggregationUtilsTest.java:66)
	at sun.reflect.NativeMethodAccessorImpl.invoke0(Native Method)
	at sun.reflect.NativeMethodAccessorImpl.invoke(NativeMethodAccessorImpl.java:62)
	at sun.reflect.DelegatingMethodAccessorImpl.invoke(DelegatingMethodAccessorImpl.java:43)
	at java.lang.reflect.Method.invoke(Method.java:483)
	at com.carrotsearch.randomizedtesting.RandomizedRunner.invoke(RandomizedRunner.java:1618)
	at com.carrotsearch.randomizedtesting.RandomizedRunner$6.evaluate(RandomizedRunner.java:827)
	at com.carrotsearch.randomizedtesting.rules.StatementAdapter.evaluate(StatementAdapter.java:36)
	at com.carrotsearch.randomizedtesting.ThreadLeakControl$StatementRunner.run(ThreadLeakControl.java:365)
	at com.carrotsearch.randomizedtesting.ThreadLeakControl.forkTimeoutingTask(ThreadLeakControl.java:798)
	at com.carrotsearch.randomizedtesting.ThreadLeakControl$3.evaluate(ThreadLeakControl.java:458)
	at com.carrotsearch.randomizedtesting.RandomizedRunner.runSingleTest(RandomizedRunner.java:836)
	at com.carrotsearch.randomizedtesting.RandomizedRunner$3.evaluate(RandomizedRunner.java:738)
	at com.carrotsearch.randomizedtesting.RandomizedRunner$4.evaluate(RandomizedRunner.java:772)
	at com.carrotsearch.randomizedtesting.RandomizedRunner$5.evaluate(RandomizedRunner.java:783)
	at com.carrotsearch.randomizedtesting.rules.StatementAdapter.evaluate(StatementAdapter.java:36)
	at com.carrotsearch.randomizedtesting.ThreadLeakControl$StatementRunner.run(ThreadLeakControl.java:365)
	at com.carrotsearch.randomizedtesting.ThreadLeakControl.forkTimeoutingTask(ThreadLeakControl.java:798)
	at com.carrotsearch.randomizedtesting.ThreadLeakControl$2.evaluate(ThreadLeakControl.java:401)
	at com.carrotsearch.randomizedtesting.RandomizedRunner.runSuite(RandomizedRunner.java:642)
	at com.carrotsearch.randomizedtesting.RandomizedRunner.access$200(RandomizedRunner.java:129)
	at com.carrotsearch.randomizedtesting.RandomizedRunner$1.run(RandomizedRunner.java:559)
</failure>
  </testcase>
  <testcase classname="no.uib.marcus.common.AggregationUtilsTest" name="testContains02 {#0 seed=[64727F0359A17B8E:E0F0384C3B9CE07C]}" time="0.002"/>
  <testcase classname="no.uib.marcus.common.AggregationUtilsTest" name="testContains02 {#1 seed=[64727F0359A17B8E:54A684B00F5E2B50]}" time="0.001"/>
  <testcase classname="no.uib.marcus.common.AggregationUtilsTest" name="testContains02 {#2 seed=[64727F0359A17B8E:DA4F126C5E9A639B]}" time="0.003"/>
  <testcase classname="no.uib.marcus.common.AggregationUtilsTest" name="testContains02 {#3 seed=[64727F0359A17B8E:EBA1B989326438B2]}" time="0"/>
  <testcase classname="no.uib.marcus.common.AggregationUtilsTest" name="testContains02 {#4 seed=[64727F0359A17B8E:A7603C24936CF809]}" time="0.001"/>
  <testcase classname="no.uib.marcus.common.AggregationUtilsTest" name="testContains02 {#5 seed=[64727F0359A17B8E:369AEF7BEED0B509]}" time="0.002"/>
  <testcase classname="no.uib.marcus.common.AggregationUtilsTest" name="testContains02 {#6 seed=[64727F0359A17B8E:8448BFDFCE0A50F]}" time="0.007"/>
  <testcase classname="no.uib.marcus.common.AggregationUtilsTest" name="testContains02 {#7 seed=[64727F0359A17B8E:94F71187DFF431A1]}" time="0.006"/>
  <testcase classname="no.uib.marcus.common.AggregationUtilsTest" name="testContains02 {#8 seed=[64727F0359A17B8E:A65BF4E9A83F26FB]}" time="0"/>
  <testcase classname="no.uib.marcus.common.AggregationUtilsTest" name="testContains02 {#9 seed=[64727F0359A17B8E:71D0A253CC6811A9]}" time="0"/>
</testsuite>